<?xml version="1.0" encoding="UTF-8"?>
<!-- Generated by org.testng.reporters.JUnitXMLReporter -->
<testsuite ignored="0" hostname="LAPTOP-A52B1AF1" failures="0" tests="8" name="PetStoreTest" time="6.088" errors="0" timestamp="2024-01-10T13:32:24 EST">
  <testcase classname="api.test.StoreModuleTests" name="testPostStore" time="2.958"/>
  <testcase classname="api.test.StoreModuleTests" name="testGetStoreDetails" time="0.251"/>
  <testcase classname="api.test.StoreModuleTests" name="testGetInventoryStatus" time="0.23"/>
  <testcase classname="api.test.StoreModuleTests" name="testDeleteOrder" time="0.226"/>
  <testcase classname="api.test.UserModuleTests" name="testPostUser" time="0.228"/>
  <testcase classname="api.test.UserModuleTests" name="testGetUserByName" time="0.248"/>
  <testcase classname="api.test.UserModuleTests" name="testUpdateUserByName" time="0.432"/>
  <testcase classname="api.test.UserModuleTests" name="testDeleteUserByName" time="0.229"/>
</testsuite> <!-- PetStoreTest -->
