<?xml version="1.0" encoding="UTF-8"?>
<!-- Generated by org.testng.reporters.JUnitXMLReporter -->
<testsuite ignored="0" hostname="LAPTOP-A52B1AF1" failures="0" tests="4" name="Default test" time="7.69" errors="0" timestamp="2024-01-10T13:45:36 EST">
  <testcase classname="api.test.StoreModuleTests" name="testPostStore" time="6.015"/>
  <testcase classname="api.test.StoreModuleTests" name="testGetStoreDetails" time="0.288"/>
  <testcase classname="api.test.StoreModuleTests" name="testGetInventoryStatus" time="0.254"/>
  <testcase classname="api.test.StoreModuleTests" name="testDeleteOrder" time="0.254"/>
</testsuite> <!-- Default test -->
