<?xml version="1.0" encoding="UTF-8"?>
<!-- Generated by org.testng.reporters.JUnitXMLReporter -->
<testsuite ignored="0" hostname="LAPTOP-A52B1AF1" failures="0" tests="3" name="Default test" time="3.008" errors="0" timestamp="2024-01-14T18:41:19 EST">
  <testcase classname="api.test.PetModuleTests" name="testPostPet" time="2.338"/>
  <testcase classname="api.test.PetModuleTests" name="getPetByID" time="0.252"/>
  <testcase classname="api.test.PetModuleTests" name="getPetByStatus" time="0.24"/>
</testsuite> <!-- Default test -->
