<?xml version="1.0" encoding="UTF-8"?>
<testng-results ignored="0" total="8" passed="8" failed="0" skipped="0">
  <reporter-output>
  </reporter-output>
  <suite started-at="2024-01-11T17:47:35 EST" name="PetStore" finished-at="2024-01-11T17:47:40 EST" duration-ms="5228">
    <groups>
    </groups>
    <test started-at="2024-01-11T17:47:35 EST" name="PetStoreTest" finished-at="2024-01-11T17:47:40 EST" duration-ms="5228">
      <class name="api.test.StoreModuleTests">
        <test-method is-config="true" signature="setUp()[pri:0, instance:api.test.StoreModuleTests@708f5957]" started-at="2024-01-11T17:47:35 EST" name="setUp" finished-at="2024-01-11T17:47:36 EST" duration-ms="647" status="PASS">
          <reporter-output>
          </reporter-output>
        </test-method> <!-- setUp -->
        <test-method signature="testPostStore()[pri:1, instance:api.test.StoreModuleTests@708f5957]" started-at="2024-01-11T17:47:36 EST" name="testPostStore" finished-at="2024-01-11T17:47:38 EST" duration-ms="2363" status="PASS">
          <reporter-output>
          </reporter-output>
        </test-method> <!-- testPostStore -->
        <test-method signature="testGetStoreDetails()[pri:2, instance:api.test.StoreModuleTests@708f5957]" started-at="2024-01-11T17:47:38 EST" name="testGetStoreDetails" finished-at="2024-01-11T17:47:38 EST" duration-ms="262" status="PASS">
          <reporter-output>
          </reporter-output>
        </test-method> <!-- testGetStoreDetails -->
        <test-method signature="testGetInventoryStatus()[pri:3, instance:api.test.StoreModuleTests@708f5957]" started-at="2024-01-11T17:47:38 EST" name="testGetInventoryStatus" finished-at="2024-01-11T17:47:39 EST" duration-ms="219" status="PASS">
          <reporter-output>
          </reporter-output>
        </test-method> <!-- testGetInventoryStatus -->
        <test-method signature="testDeleteOrder()[pri:4, instance:api.test.StoreModuleTests@708f5957]" started-at="2024-01-11T17:47:39 EST" name="testDeleteOrder" finished-at="2024-01-11T17:47:39 EST" duration-ms="197" status="PASS">
          <reporter-output>
          </reporter-output>
        </test-method> <!-- testDeleteOrder -->
      </class> <!-- api.test.StoreModuleTests -->
      <class name="api.test.UserModuleTests">
        <test-method is-config="true" signature="setup()[pri:0, instance:api.test.UserModuleTests@2f7298b]" started-at="2024-01-11T17:47:39 EST" name="setup" finished-at="2024-01-11T17:47:39 EST" duration-ms="175" status="PASS">
          <reporter-output>
          </reporter-output>
        </test-method> <!-- setup -->
        <test-method signature="testPostUser()[pri:1, instance:api.test.UserModuleTests@2f7298b]" started-at="2024-01-11T17:47:39 EST" name="testPostUser" finished-at="2024-01-11T17:47:39 EST" duration-ms="229" status="PASS">
          <reporter-output>
          </reporter-output>
        </test-method> <!-- testPostUser -->
        <test-method signature="testGetUserByName()[pri:2, instance:api.test.UserModuleTests@2f7298b]" started-at="2024-01-11T17:47:39 EST" name="testGetUserByName" finished-at="2024-01-11T17:47:39 EST" duration-ms="211" status="PASS">
          <reporter-output>
          </reporter-output>
        </test-method> <!-- testGetUserByName -->
        <test-method signature="testUpdateUserByName()[pri:3, instance:api.test.UserModuleTests@2f7298b]" started-at="2024-01-11T17:47:39 EST" name="testUpdateUserByName" finished-at="2024-01-11T17:47:40 EST" duration-ms="405" status="PASS">
          <reporter-output>
          </reporter-output>
        </test-method> <!-- testUpdateUserByName -->
        <test-method signature="testDeleteUserByName()[pri:4, instance:api.test.UserModuleTests@2f7298b]" started-at="2024-01-11T17:47:40 EST" name="testDeleteUserByName" finished-at="2024-01-11T17:47:40 EST" duration-ms="211" status="PASS">
          <reporter-output>
          </reporter-output>
        </test-method> <!-- testDeleteUserByName -->
      </class> <!-- api.test.UserModuleTests -->
    </test> <!-- PetStoreTest -->
  </suite> <!-- PetStore -->
</testng-results>
