<?xml version="1.0" encoding="UTF-8"?>
<testng-results ignored="0" total="8" passed="8" failed="0" skipped="0">
  <reporter-output>
  </reporter-output>
  <suite started-at="2024-01-11T18:16:14 EST" name="PetStore" finished-at="2024-01-11T18:16:19 EST" duration-ms="5067">
    <groups>
    </groups>
    <test started-at="2024-01-11T18:16:14 EST" name="PetStoreTest" finished-at="2024-01-11T18:16:19 EST" duration-ms="5067">
      <class name="api.test.StoreModuleTests">
        <test-method is-config="true" signature="setUp()[pri:0, instance:api.test.StoreModuleTests@708f5957]" started-at="2024-01-11T18:16:14 EST" name="setUp" finished-at="2024-01-11T18:16:15 EST" duration-ms="577" status="PASS">
          <reporter-output>
          </reporter-output>
        </test-method> <!-- setUp -->
        <test-method signature="testPostStore()[pri:1, instance:api.test.StoreModuleTests@708f5957]" started-at="2024-01-11T18:16:15 EST" name="testPostStore" finished-at="2024-01-11T18:16:17 EST" duration-ms="2286" status="PASS">
          <reporter-output>
          </reporter-output>
        </test-method> <!-- testPostStore -->
        <test-method signature="testGetStoreDetails()[pri:2, instance:api.test.StoreModuleTests@708f5957]" started-at="2024-01-11T18:16:17 EST" name="testGetStoreDetails" finished-at="2024-01-11T18:16:17 EST" duration-ms="240" status="PASS">
          <reporter-output>
          </reporter-output>
        </test-method> <!-- testGetStoreDetails -->
        <test-method signature="testGetInventoryStatus()[pri:3, instance:api.test.StoreModuleTests@708f5957]" started-at="2024-01-11T18:16:17 EST" name="testGetInventoryStatus" finished-at="2024-01-11T18:16:18 EST" duration-ms="225" status="PASS">
          <reporter-output>
          </reporter-output>
        </test-method> <!-- testGetInventoryStatus -->
        <test-method signature="testDeleteOrder()[pri:4, instance:api.test.StoreModuleTests@708f5957]" started-at="2024-01-11T18:16:18 EST" name="testDeleteOrder" finished-at="2024-01-11T18:16:18 EST" duration-ms="211" status="PASS">
          <reporter-output>
          </reporter-output>
        </test-method> <!-- testDeleteOrder -->
      </class> <!-- api.test.StoreModuleTests -->
      <class name="api.test.UserModuleTests">
        <test-method is-config="true" signature="setup()[pri:0, instance:api.test.UserModuleTests@2f7298b]" started-at="2024-01-11T18:16:18 EST" name="setup" finished-at="2024-01-11T18:16:18 EST" duration-ms="177" status="PASS">
          <reporter-output>
          </reporter-output>
        </test-method> <!-- setup -->
        <test-method signature="testPostUser()[pri:1, instance:api.test.UserModuleTests@2f7298b]" started-at="2024-01-11T18:16:18 EST" name="testPostUser" finished-at="2024-01-11T18:16:18 EST" duration-ms="220" status="PASS">
          <reporter-output>
          </reporter-output>
        </test-method> <!-- testPostUser -->
        <test-method signature="testGetUserByName()[pri:2, instance:api.test.UserModuleTests@2f7298b]" started-at="2024-01-11T18:16:18 EST" name="testGetUserByName" finished-at="2024-01-11T18:16:18 EST" duration-ms="201" status="PASS">
          <reporter-output>
          </reporter-output>
        </test-method> <!-- testGetUserByName -->
        <test-method signature="testUpdateUserByName()[pri:3, instance:api.test.UserModuleTests@2f7298b]" started-at="2024-01-11T18:16:18 EST" name="testUpdateUserByName" finished-at="2024-01-11T18:16:19 EST" duration-ms="440" status="PASS">
          <reporter-output>
          </reporter-output>
        </test-method> <!-- testUpdateUserByName -->
        <test-method signature="testDeleteUserByName()[pri:4, instance:api.test.UserModuleTests@2f7298b]" started-at="2024-01-11T18:16:19 EST" name="testDeleteUserByName" finished-at="2024-01-11T18:16:19 EST" duration-ms="205" status="PASS">
          <reporter-output>
          </reporter-output>
        </test-method> <!-- testDeleteUserByName -->
      </class> <!-- api.test.UserModuleTests -->
    </test> <!-- PetStoreTest -->
  </suite> <!-- PetStore -->
</testng-results>
