<?xml version="1.0" encoding="UTF-8"?>
<!-- Generated by org.testng.reporters.JUnitXMLReporter -->
<testsuite ignored="0" hostname="LAPTOP-A52B1AF1" failures="0" tests="8" name="PetStoreTest" time="5.228" errors="0" timestamp="2024-01-11T17:47:40 EST">
  <testcase classname="api.test.StoreModuleTests" name="testPostStore" time="2.363"/>
  <testcase classname="api.test.StoreModuleTests" name="testGetStoreDetails" time="0.262"/>
  <testcase classname="api.test.StoreModuleTests" name="testGetInventoryStatus" time="0.219"/>
  <testcase classname="api.test.StoreModuleTests" name="testDeleteOrder" time="0.197"/>
  <testcase classname="api.test.UserModuleTests" name="testPostUser" time="0.229"/>
  <testcase classname="api.test.UserModuleTests" name="testGetUserByName" time="0.211"/>
  <testcase classname="api.test.UserModuleTests" name="testUpdateUserByName" time="0.405"/>
  <testcase classname="api.test.UserModuleTests" name="testDeleteUserByName" time="0.211"/>
</testsuite> <!-- PetStoreTest -->
